{
  "0 debug pnpm:scope": {
    "selected": 1,
    "workspacePrefix": "/Users/alice/code/study/pnpm-workspace-librage"
  },
  "1 error pnpm": {
    "code": "ELIFECYCLE",
    "errno": "ENOENT",
    "syscall": "spawn",
    "file": "sh",
    "pkgid": "@cq/example@",
    "stage": "dev",
    "script": "vite",
    "pkgname": "@cq/example",
    "err": {
      "name": "pnpm",
      "message": "@cq/example@ dev: `vite`\nspawn ENOENT",
      "code": "ELIFECYCLE",
      "stack": "pnpm: @cq/example@ dev: `vite`\nspawn ENOENT\n    at ChildProcess.<anonymous> (/Users/alice/.nvm/versions/node/v16.14.0/lib/node_modules/pnpm/dist/pnpm.cjs:92225:22)\n    at ChildProcess.emit (node:events:520:28)\n    at maybeClose (node:internal/child_process:1092:16)\n    at Process.ChildProcess._handle.onexit (node:internal/child_process:302:5)"
    }
  }
}